<?xml version="1.0" encoding="UTF-8"?>
<!-- Generated by org.testng.reporters.JUnitReportReporter -->
<testsuite skipped="1" hostname="DESKTOP-NVGHHF7" name="test.TestPut" tests="4" failures="0" timestamp="2023-12-31T15:10:51 IST" time="1.916" errors="0">
  <testcase name="updateUser2" time="0.600" classname="test.TestPut"/>
  <system-out/>
  <testcase name="updateUser3" time="0.696" classname="test.TestPut"/>
  <system-out/>
  <testcase name="updateUser" time="0.620" classname="test.TestPut"/>
  <system-out/>
  <testcase name="updateUser4" classname="test.TestPut">
    <skipped/>
  </testcase> <!-- updateUser4 -->
  <system-out/>
</testsuite> <!-- test.TestPut -->
