<?xml version="1.0" encoding="UTF-8"?>
<!-- Generated by org.testng.reporters.JUnitReportReporter -->
<testsuite skipped="0" hostname="DESKTOP-NVGHHF7" name="assignmentTest.Assignment1Tester" tests="1" failures="0" timestamp="2023-11-20T18:35:04 IST" time="0.024" errors="0">
  <testcase name="testOccuranceOfACharacter" time="0.024" classname="assignmentTest.Assignment1Tester"/>
  <system-out/>
</testsuite> <!-- assignmentTest.Assignment1Tester -->
