<?xml version="1.0" encoding="UTF-8"?>
<!-- Generated by org.testng.reporters.JUnitReportReporter -->
<testsuite skipped="1" hostname="DESKTOP-NVGHHF7" name="test.TestPatch" tests="4" failures="0" timestamp="2023-12-31T15:10:51 IST" time="2.165" errors="0">
  <testcase name="testPatch2" time="0.698" classname="test.TestPatch"/>
  <system-out/>
  <testcase name="testPatch3" time="0.684" classname="test.TestPatch"/>
  <system-out/>
  <testcase name="testPatch" time="0.783" classname="test.TestPatch"/>
  <system-out/>
  <testcase name="testPatch4" classname="test.TestPatch">
    <skipped/>
  </testcase> <!-- testPatch4 -->
  <system-out/>
</testsuite> <!-- test.TestPatch -->
