<?xml version="1.0" encoding="UTF-8"?>
<!-- Generated by org.testng.reporters.JUnitReportReporter -->
<testsuite skipped="0" hostname="DESKTOP-NVGHHF7" name="test.TestDelete" tests="2" failures="0" timestamp="2024-01-02T20:12:03 IST" time="4.737" errors="0">
  <testcase name="testDelete" time="3.797" classname="test.TestDelete"/>
  <system-out/>
  <testcase name="testDelete2" time="0.940" classname="test.TestDelete"/>
  <system-out/>
</testsuite> <!-- test.TestDelete -->
