<?xml version="1.0" encoding="UTF-8"?>
<!-- Generated by org.testng.reporters.JUnitReportReporter -->
<testsuite skipped="0" hostname="DESKTOP-NVGHHF7" name="assignmentTest.Assignment2Tester" tests="1" failures="0" timestamp="2023-11-20T18:35:13 IST" time="0.018" errors="0">
  <testcase name="testAnagram" time="0.018" classname="assignmentTest.Assignment2Tester"/>
  <system-out/>
</testsuite> <!-- assignmentTest.Assignment2Tester -->
