<?xml version="1.0" encoding="UTF-8"?>
<!-- Generated by org.testng.reporters.JUnitReportReporter -->
<testsuite skipped="0" hostname="DESKTOP-NVGHHF7" name="test.TestPatch" tests="4" failures="0" timestamp="2024-01-07T17:06:10 IST" time="2.834" errors="0">
  <testcase name="verifyPartialUpdateUserFunctionalityWhenDataPassedFromJsonAndDynamicRequestBody" time="0.687" classname="test.TestPatch"/>
  <system-out/>
  <testcase name="verifyPartialUpdateUserFunctionalityWhenDataIsPassedFromJson" time="0.742" classname="test.TestPatch"/>
  <system-out/>
  <testcase name="verifyPartialUpdateUserFunctionalityWhenDataIsHardCoded" time="0.706" classname="test.TestPatch"/>
  <system-out/>
  <testcase name="verifyPartialUpdateUserFunctionalityWhenDataPassedFromJsonAndRequestBodyAsPojo" time="0.699" classname="test.TestPatch"/>
  <system-out/>
</testsuite> <!-- test.TestPatch -->
