<?xml version="1.0" encoding="UTF-8"?>
<!-- Generated by org.testng.reporters.JUnitReportReporter -->
<testsuite skipped="0" hostname="DESKTOP-NVGHHF7" name="test.TestPost" tests="7" failures="0" timestamp="2024-01-07T17:06:10 IST" time="8.976" errors="0">
  <testcase name="verifyUserRegistrationSuccessfulWhenDataIsPassedFromJson" time="0.742" classname="test.TestPost"/>
  <system-out/>
  <testcase name="verifyCreateUserFunctionalityWhenDataIsHardCoded" time="4.328" classname="test.TestPost"/>
  <system-out/>
  <testcase name="verifyCreateUserFunctionalityWhenDataPassedFromJsonAndRequestBodyAsPojo" time="0.805" classname="test.TestPost"/>
  <system-out/>
  <testcase name="verifyUserRegistrationUnsuccessfulWhenDataPassedFromJsonAndDynamicRequestBody" time="0.748" classname="test.TestPost"/>
  <system-out/>
  <testcase name="verifyCreateUserFunctionalityWhenDataIsPassedFromJson" time="0.721" classname="test.TestPost"/>
  <system-out/>
  <testcase name="verifyUserLoginUnsuccessfulWhenDataIsHardCoded" time="0.746" classname="test.TestPost"/>
  <system-out/>
  <testcase name="verifyCreateUserFunctionalityWhenDataPassedFromJsonAndDynamicRequestBody" time="0.886" classname="test.TestPost"/>
  <system-out/>
</testsuite> <!-- test.TestPost -->
