<?xml version="1.0" encoding="UTF-8"?>
<!-- Generated by org.testng.reporters.JUnitReportReporter -->
<testsuite skipped="0" hostname="DESKTOP-NVGHHF7" name="test.TestDelete" tests="2" failures="0" timestamp="2024-01-07T17:06:09 IST" time="1.416" errors="0">
  <testcase name="verifyDeleteUserFunctionalityWhenDataIsHardCoded" time="0.698" classname="test.TestDelete"/>
  <system-out/>
  <testcase name="verifyDeleteUserFunctionalityWhenDataIsPassedFromJson" time="0.718" classname="test.TestDelete"/>
  <system-out/>
</testsuite> <!-- test.TestDelete -->
