<?xml version="1.0" encoding="UTF-8"?>
<!-- Generated by org.testng.reporters.JUnitReportReporter -->
<testsuite skipped="0" hostname="DESKTOP-NVGHHF7" name="test.TestPut" tests="4" failures="0" timestamp="2024-01-07T17:06:10 IST" time="3.045" errors="0">
  <testcase name="verifyUpdateUserFunctionalityWhenDataPassedFromJsonAndRequestBodyAsPojo" time="0.723" classname="test.TestPut"/>
  <system-out/>
  <testcase name="verifyUpdateUserFunctionalityWhenDataIsHardCoded" time="0.787" classname="test.TestPut"/>
  <system-out/>
  <testcase name="verifyUpdateUserFunctionalityWhenDataIsPassedFromJson" time="0.770" classname="test.TestPut"/>
  <system-out/>
  <testcase name="verifyUpdateUserFunctionalityWhenDataPassedFromJsonAndDynamicRequestBody" time="0.765" classname="test.TestPut"/>
  <system-out/>
</testsuite> <!-- test.TestPut -->
