<?xml version="1.0" encoding="UTF-8"?>
<!-- Generated by org.testng.reporters.JUnitReportReporter -->
<testsuite skipped="4" hostname="DESKTOP-NVGHHF7" name="test.Test1OldGet" tests="5" failures="0" timestamp="2023-12-31T15:10:51 IST" time="0.001" errors="0">
  <testcase name="testGetSingleUser" time="0.001" classname="test.Test1OldGet"/>
  <system-out/>
  <testcase name="testGet" classname="test.Test1OldGet">
    <skipped/>
  </testcase> <!-- testGet -->
  <system-out/>
  <testcase name="testGetListResourses" classname="test.Test1OldGet">
    <skipped/>
  </testcase> <!-- testGetListResourses -->
  <system-out/>
  <testcase name="testGetListUsers" classname="test.Test1OldGet">
    <skipped/>
  </testcase> <!-- testGetListUsers -->
  <system-out/>
  <testcase name="testGetSingleUsersNotFound" classname="test.Test1OldGet">
    <skipped/>
  </testcase> <!-- testGetSingleUsersNotFound -->
  <system-out/>
</testsuite> <!-- test.Test1OldGet -->
