<?xml version="1.0" encoding="UTF-8"?>
<!-- Generated by org.testng.reporters.JUnitReportReporter -->
<testsuite skipped="6" hostname="DESKTOP-NVGHHF7" name="test.Test1Copy" tests="7" failures="0" timestamp="2023-12-31T11:48:57 IST" time="3.761" errors="0">
  <testcase name="testGetSingleResource" time="3.761" classname="test.Test1Copy"/>
  <system-out/>
  <testcase name="testGetSingleUser" classname="test.Test1Copy">
    <skipped/>
  </testcase> <!-- testGetSingleUser -->
  <system-out/>
  <testcase name="testGetSingleUsersNotFound" classname="test.Test1Copy">
    <skipped/>
  </testcase> <!-- testGetSingleUsersNotFound -->
  <system-out/>
  <testcase name="testGetSingleResourceNotFound" classname="test.Test1Copy">
    <skipped/>
  </testcase> <!-- testGetSingleResourceNotFound -->
  <system-out/>
  <testcase name="testGetListUsers" classname="test.Test1Copy">
    <skipped/>
  </testcase> <!-- testGetListUsers -->
  <system-out/>
  <testcase name="testGetListResources" classname="test.Test1Copy">
    <skipped/>
  </testcase> <!-- testGetListResources -->
  <system-out/>
  <testcase name="testGetUsers" classname="test.Test1Copy">
    <skipped/>
  </testcase> <!-- testGetUsers -->
  <system-out/>
</testsuite> <!-- test.Test1Copy -->
