<?xml version="1.0" encoding="UTF-8"?>
<!-- Generated by org.testng.reporters.JUnitReportReporter -->
<testsuite skipped="7" hostname="DESKTOP-NVGHHF7" name="test.TestPost" tests="8" failures="0" timestamp="2024-01-02T21:21:24 IST" time="5.409" errors="0">
  <testcase name="testRegistrationSuccessful" time="5.409" classname="test.TestPost"/>
  <system-out/>
  <testcase name="testLoginSuccessful" classname="test.TestPost">
    <skipped/>
  </testcase> <!-- testLoginSuccessful -->
  <system-out/>
  <testcase name="testPostOrchestrationUsingRequestPojo" classname="test.TestPost">
    <skipped/>
  </testcase> <!-- testPostOrchestrationUsingRequestPojo -->
  <system-out/>
  <testcase name="testRegistrationUnSuccessful" classname="test.TestPost">
    <skipped/>
  </testcase> <!-- testRegistrationUnSuccessful -->
  <system-out/>
  <testcase name="testPost" classname="test.TestPost">
    <skipped/>
  </testcase> <!-- testPost -->
  <system-out/>
  <testcase name="testPost2" classname="test.TestPost">
    <skipped/>
  </testcase> <!-- testPost2 -->
  <system-out/>
  <testcase name="testPost3" classname="test.TestPost">
    <skipped/>
  </testcase> <!-- testPost3 -->
  <system-out/>
  <testcase name="testLoginUnSuccessful" classname="test.TestPost">
    <skipped/>
  </testcase> <!-- testLoginUnSuccessful -->
  <system-out/>
</testsuite> <!-- test.TestPost -->
