<?xml version="1.0" encoding="UTF-8"?>
<!-- Generated by org.testng.reporters.JUnitReportReporter -->
<testsuite skipped="0" hostname="DESKTOP-NVGHHF7" name="assignmentTest.RandomDataTester" tests="1" failures="0" timestamp="2023-11-28T20:41:46 IST" time="0.044" errors="0">
  <testcase name="verifyRandomData" time="0.044" classname="assignmentTest.RandomDataTester"/>
  <system-out/>
</testsuite> <!-- assignmentTest.RandomDataTester -->
