<?xml version="1.0" encoding="UTF-8"?>
<!-- Generated by org.testng.reporters.JUnitReportReporter -->
<testsuite skipped="0" hostname="DESKTOP-NVGHHF7" name="test.TestGet" tests="8" failures="0" timestamp="2023-12-31T15:10:51 IST" time="7.497" errors="0">
  <testcase name="testGetSingleUser" time="0.380" classname="test.TestGet"/>
  <system-out/>
  <testcase name="testGetListUsers" time="0.287" classname="test.TestGet"/>
  <system-out/>
  <testcase name="testGetSingleUsersNotFound" time="0.817" classname="test.TestGet"/>
  <system-out/>
  <testcase name="testGetUsers" time="0.316" classname="test.TestGet"/>
  <system-out/>
  <testcase name="testGetSingleResource" time="0.617" classname="test.TestGet"/>
  <system-out/>
  <testcase name="testGetSingleResourceNotFound" time="0.721" classname="test.TestGet"/>
  <system-out/>
  <testcase name="testGetListResources" time="0.627" classname="test.TestGet"/>
  <system-out/>
  <testcase name="testGetDelayedResponse" time="3.732" classname="test.TestGet"/>
  <system-out/>
</testsuite> <!-- test.TestGet -->
