<?xml version="1.0" encoding="UTF-8"?>
<!-- Generated by org.testng.reporters.JUnitReportReporter -->
<testsuite skipped="3" hostname="DESKTOP-NVGHHF7" name="test.Test1Post" tests="4" failures="0" timestamp="2023-12-11T21:21:09 IST" time="0.030" errors="0">
  <testcase name="testPostOrchestrationUsingRequestPojo" time="0.030" classname="test.Test1Post"/>
  <system-out/>
  <testcase name="testPost" classname="test.Test1Post">
    <skipped/>
  </testcase> <!-- testPost -->
  <system-out/>
  <testcase name="testPost2" classname="test.Test1Post">
    <skipped/>
  </testcase> <!-- testPost2 -->
  <system-out/>
  <testcase name="testPostOrchestration" classname="test.Test1Post">
    <skipped/>
  </testcase> <!-- testPostOrchestration -->
  <system-out/>
</testsuite> <!-- test.Test1Post -->
