<?xml version="1.0" encoding="UTF-8"?>
<!-- Generated by org.testng.reporters.JUnitReportReporter -->
<testsuite skipped="3" hostname="DESKTOP-NVGHHF7" name="test.Test1PostCopy" tests="4" failures="0" timestamp="2023-12-24T21:08:20 IST" time="4.529" errors="0">
  <testcase name="testPostOrchestration" time="4.529" classname="test.Test1PostCopy"/>
  <system-out/>
  <testcase name="testPostOrchestrationUsingRequestPojo" classname="test.Test1PostCopy">
    <skipped/>
  </testcase> <!-- testPostOrchestrationUsingRequestPojo -->
  <system-out/>
  <testcase name="testPost" classname="test.Test1PostCopy">
    <skipped/>
  </testcase> <!-- testPost -->
  <system-out/>
  <testcase name="testPost2" classname="test.Test1PostCopy">
    <skipped/>
  </testcase> <!-- testPost2 -->
  <system-out/>
</testsuite> <!-- test.Test1PostCopy -->
