<?xml version="1.0" encoding="UTF-8"?>
<!-- Generated by org.testng.reporters.JUnitReportReporter -->
<testsuite skipped="3" hostname="DESKTOP-NVGHHF7" name="test.Test1OldPost" tests="4" failures="0" timestamp="2023-12-31T15:10:51 IST" time="0.683" errors="0">
  <testcase name="testPostOrchestrationUsingRequestPojo" time="0.683" classname="test.Test1OldPost"/>
  <system-out/>
  <testcase name="testPostOrchestration" classname="test.Test1OldPost">
    <skipped/>
  </testcase> <!-- testPostOrchestration -->
  <system-out/>
  <testcase name="testPost" classname="test.Test1OldPost">
    <skipped/>
  </testcase> <!-- testPost -->
  <system-out/>
  <testcase name="testPost2" classname="test.Test1OldPost">
    <skipped/>
  </testcase> <!-- testPost2 -->
  <system-out/>
</testsuite> <!-- test.Test1OldPost -->
