<?xml version="1.0" encoding="UTF-8"?>
<!-- Generated by org.testng.reporters.JUnitReportReporter -->
<testsuite skipped="0" hostname="DESKTOP-NVGHHF7" name="test.TestGet" tests="8" failures="0" timestamp="2024-01-07T17:06:10 IST" time="6.921" errors="0">
  <testcase name="verifyGetAllUsersFunctionalityWhenDataIsHardCoded" time="0.408" classname="test.TestGet"/>
  <system-out/>
  <testcase name="verifyGetSingleUserNotFoundWhenDataIsPassedFromJson" time="0.354" classname="test.TestGet"/>
  <system-out/>
  <testcase name="verifyGetSingleResourceNotFoundFunctionalityWhenDataIsPassedFromJson" time="0.726" classname="test.TestGet"/>
  <system-out/>
  <testcase name="verifyGetDelayedResponseFunctionalityWhenDataIsPassedFromJson" time="3.711" classname="test.TestGet"/>
  <system-out/>
  <testcase name="verifyGetAllResourcesFunctionalityWhenDataIsPassedFromJson" time="0.526" classname="test.TestGet"/>
  <system-out/>
  <testcase name="verifyGetSingleUserDetailsWhenDataIsPassedFromJson" time="0.412" classname="test.TestGet"/>
  <system-out/>
  <testcase name="verifyGetSingleResourceFunctionalityWhenDataIsPassedFromJson" time="0.412" classname="test.TestGet"/>
  <system-out/>
  <testcase name="verifyGetAllUsersFunctionalityWhenDataIsPassedFromJson" time="0.372" classname="test.TestGet"/>
  <system-out/>
</testsuite> <!-- test.TestGet -->
